2025-05-17 03:48:20,867 - semgrep.run_scan - DEBUG - semgrep version 1.2.0
2025-05-17 03:48:20,871 - semgrep.git - DEBUG - Failed to get project url from 'git ls-remote': Command failed with exit code: 128
-----
Command failed with output:
fatal: No remote configured to list refs from.


Failed to run 'git ls-remote --get-url'. Possible reasons:

- the git binary is not available
- the current working directory is not a git repository
- the baseline commit is not a parent of the current commit
    (if you are running through semgrep-app, check if you are setting `SEMGREP_BRANCH` or `SEMGREP_BASELINE_COMMIT` properly)
- the current working directory is not marked as safe
    (fix with `git config --global --add safe.directory $(pwd)`)

Try running the command yourself to debug the issue.
2025-05-17 03:48:20,872 - semgrep.config_resolver - DEBUG - Loading local config from /home/runner/workspace/.config/.semgrep/semgrep_rules.json
2025-05-17 03:48:20,874 - semgrep.config_resolver - DEBUG - Done loading local config from /home/runner/workspace/.config/.semgrep/semgrep_rules.json
2025-05-17 03:48:20,876 - semgrep.config_resolver - DEBUG - Saving rules to /tmp/semgrep-l722me9j.rules
2025-05-17 03:48:21,016 - semgrep.semgrep_core - DEBUG - Failed to open resource semgrep-core-proprietary: [Errno 2] No such file or directory: '/tmp/_MEIeQy3fo/semgrep/bin/semgrep-core-proprietary'.
2025-05-17 03:48:21,495 - semgrep.rule_lang - DEBUG - semgrep-core validation response: valid=True
2025-05-17 03:48:21,495 - semgrep.rule_lang - DEBUG - semgrep-core validation succeeded
2025-05-17 03:48:21,495 - semgrep.rule_lang - DEBUG - RPC validation succeeded
2025-05-17 03:48:21,496 - semgrep.config_resolver - DEBUG - loaded 1 configs in 0.6238307952880859
2025-05-17 03:48:21,559 - semgrep.run_scan - VERBOSE - running 711 rules from 1 config /home/runner/workspace/.config/.semgrep/semgrep_rules.json_0
2025-05-17 03:48:21,559 - semgrep.run_scan - VERBOSE - No .semgrepignore found. Using default .semgrepignore rules. See the docs for the list of default ignores: https://semgrep.dev/docs/cli-usage/#ignore-files
2025-05-17 03:48:21,561 - semgrep.run_scan - VERBOSE - Rules:
2025-05-17 03:48:21,561 - semgrep.run_scan - VERBOSE - <SKIPPED DATA (too many entries; use --max-log-list-entries)>
2025-05-17 03:48:21,974 - semgrep.core_runner - DEBUG - Passing whole rules directly to semgrep_core
2025-05-17 03:48:22,145 - semgrep.core_runner - DEBUG - Running Semgrep engine with command:
2025-05-17 03:48:22,145 - semgrep.core_runner - DEBUG - /tmp/_MEIeQy3fo/semgrep/bin/opengrep-core -json -rules /tmp/tmpdc1nt_lv.json -j 8 -targets /tmp/tmpmn1nw0lz -timeout 5 -timeout_threshold 3 -max_memory 0 -fast
2025-05-17 03:48:25,360 - semgrep.core_runner - DEBUG - --- semgrep-core stderr ---
[00.07][[34mINFO[0m]: Executed as: /tmp/_MEIeQy3fo/semgrep/bin/opengrep-core -json -rules /tmp/tmpdc1nt_lv.json -j 8 -targets /tmp/tmpmn1nw0lz -timeout 5 -timeout_threshold 3 -max_memory 0 -fast
[00.07][[34mINFO[0m]: Version: 1.2.0
[00.07][[34mINFO[0m]: Parsing rules in /tmp/tmpdc1nt_lv.json
[00.50][[34mINFO[0m]: scan: processing 321 files (skipping 0), with 454 rules (skipping 0 )
[03.17][[34mINFO[0m]: Custom ignore pattern: None
[03.17][[34mINFO[0m]: Custom ignore pattern: None
--- end semgrep-core stderr ---
2025-05-17 03:48:25,366 - semgrep.rule_match - DEBUG - match_key = ('', PosixPath('client/index.html'), 'config..semgrep.vendored-rules.html.security.audit.missing-integrity') match_id = 0ee74fd49637bebe183eca7188dbde26e386314e62cc2e7ba1ee60b377b638243fcd84e6c6fa04886198ccacfa6a711bfbcc61a28f9ddc913d5b3c53083cbc90_0
2025-05-17 03:48:25,367 - semgrep.rule_match - DEBUG - match_key = (' type="text/javascript" src="https://replit.com/public/js/replit-dev-banner.js" (?is).*integrity= (google-analytics\\.com|fonts\\.googleapis\\.com|fonts\\.gstatic\\.com|googletagmanager\\.com) .*rel\\s*=\\s*[\'"]?preconnect.* href="... :// ..." href="//..." href=\'... :// ...\' href=\'//...\' src="... :// ..." src="//..." src=\'... :// ...\' src=\'//...\' <link  type="text/javascript" src="https://replit.com/public/js/replit-dev-banner.js" > <script  type="text/javascript" src="https://replit.com/public/js/replit-dev-banner.js" >...</script>', PosixPath('client/index.html'), 'config..semgrep.vendored-rules.html.security.audit.missing-integrity') match_id = 0728b64e224596592d04447ba8a642ff94e1fb9fcc07be26d49dc7e7f6898e638ad16ffcaca086932c58f4c6400fe32603323afef02cf9bfebcb0e4a53562a40_0
2025-05-17 03:48:25,367 - semgrep.rule_match - DEBUG - match_key = (' type="text/javascript" src="https://replit.com/public/js/replit-dev-banner.js" (?is).*integrity= (google-analytics\\.com|fonts\\.googleapis\\.com|fonts\\.gstatic\\.com|googletagmanager\\.com) .*rel\\s*=\\s*[\'"]?preconnect.* href="... :// ..." href="//..." href=\'... :// ...\' href=\'//...\' src="... :// ..." src="//..." src=\'... :// ...\' src=\'//...\' <link  type="text/javascript" src="https://replit.com/public/js/replit-dev-banner.js" > <script  type="text/javascript" src="https://replit.com/public/js/replit-dev-banner.js" >...</script>', PosixPath('client/index.html'), 'config..semgrep.vendored-rules.html.security.audit.missing-integrity') match_id = 0728b64e224596592d04447ba8a642ff94e1fb9fcc07be26d49dc7e7f6898e638ad16ffcaca086932c58f4c6400fe32603323afef02cf9bfebcb0e4a53562a40_0
2025-05-17 03:48:25,368 - semgrep.rule_match - DEBUG - match_key = (' type="text/javascript" src="https://replit.com/public/js/replit-dev-banner.js" (?is).*integrity= (google-analytics\\.com|fonts\\.googleapis\\.com|fonts\\.gstatic\\.com|googletagmanager\\.com) .*rel\\s*=\\s*[\'"]?preconnect.* href="... :// ..." href="//..." href=\'... :// ...\' href=\'//...\' src="... :// ..." src="//..." src=\'... :// ...\' src=\'//...\' <link  type="text/javascript" src="https://replit.com/public/js/replit-dev-banner.js" > <script  type="text/javascript" src="https://replit.com/public/js/replit-dev-banner.js" >...</script>', PosixPath('client/index.html'), 'config..semgrep.vendored-rules.html.security.audit.missing-integrity') match_id = 0728b64e224596592d04447ba8a642ff94e1fb9fcc07be26d49dc7e7f6898e638ad16ffcaca086932c58f4c6400fe32603323afef02cf9bfebcb0e4a53562a40_0
2025-05-17 03:48:25,368 - semgrep.rule_match - DEBUG - match_key = ('', PosixPath('server/server.js'), 'config..semgrep.vendored-rules.javascript.express.security.audit.express-check-csurf-middleware-usage') match_id = 3e8a670600345fef8535f25560566c35cd06c0ba9b33b7395223702dbe8b9369339ef95ac6f76c0ed09666c2def1e62b677ed336ff6eb10f0864fc2c6696cd68_0
2025-05-17 03:48:25,368 - semgrep.rule_match - DEBUG - match_key = ("app = express()\n express = require('express')\n...\n import {$CSRF} from 'csrf'\n...\n import {$CSRF} from 'csurf'\n...\n require('csrf')\n...\n require('csurf')\n...\n", PosixPath('server/server.js'), 'config..semgrep.vendored-rules.javascript.express.security.audit.express-check-csurf-middleware-usage') match_id = f7c6e25e24731d970a432979a227ebd78d0b57378c45f1696d75b984865210ee78e34e1d25170229de4065069f4e767476e5a9d4cdcd047a5782aa64cdbcafd8_0
2025-05-17 03:48:25,369 - semgrep.rule_match - DEBUG - match_key = ("app = express()\n express = require('express')\n...\n import {$CSRF} from 'csrf'\n...\n import {$CSRF} from 'csurf'\n...\n require('csrf')\n...\n require('csurf')\n...\n", PosixPath('server/server.js'), 'config..semgrep.vendored-rules.javascript.express.security.audit.express-check-csurf-middleware-usage') match_id = f7c6e25e24731d970a432979a227ebd78d0b57378c45f1696d75b984865210ee78e34e1d25170229de4065069f4e767476e5a9d4cdcd047a5782aa64cdbcafd8_0
2025-05-17 03:48:25,369 - semgrep.rule_match - DEBUG - match_key = ("app = express()\n express = require('express')\n...\n import {$CSRF} from 'csrf'\n...\n import {$CSRF} from 'csurf'\n...\n require('csrf')\n...\n require('csurf')\n...\n", PosixPath('server/server.js'), 'config..semgrep.vendored-rules.javascript.express.security.audit.express-check-csurf-middleware-usage') match_id = f7c6e25e24731d970a432979a227ebd78d0b57378c45f1696d75b984865210ee78e34e1d25170229de4065069f4e767476e5a9d4cdcd047a5782aa64cdbcafd8_0
2025-05-17 03:48:25,371 - semgrep.core_runner - DEBUG - semgrep ran in 0:00:03.396755 on 108 files
2025-05-17 03:48:25,372 - semgrep.core_runner - DEBUG - findings summary: 1 warning, 0 error, 1 info
2025-05-17 03:48:25,374 - semgrep.app.auth - DEBUG - Getting API token from settings file
2025-05-17 03:48:25,374 - semgrep.app.auth - DEBUG - No API token found in settings file
2025-05-17 03:48:25,375 - semgrep.semgrep_core - DEBUG - Failed to open resource semgrep-core-proprietary: [Errno 2] No such file or directory: '/tmp/_MEIeQy3fo/semgrep/bin/semgrep-core-proprietary'.
2025-05-17 03:48:25,476 - semgrep.output - VERBOSE - 
========================================
Files skipped:
========================================

  Always skipped by Opengrep:

   • <none>

  Skipped by .gitignore:
  (Disable by passing --no-git-ignore)

   • <all files not listed by `git ls-files` were skipped>

  Skipped by .semgrepignore:
  - https://semgrep.dev/docs/ignoring-files-folders-code/#understand-semgrep-defaults

   • <none>

  Skipped by --include patterns:

   • <none>

  Skipped by --exclude patterns:

   • <none>

  Files skipped due to insufficient read permissions:

   • <none>

  Skipped by limiting to files smaller than 1000000 bytes:
  (Adjust with the --max-target-bytes flag)

   • generated-icon.png

  Partially analyzed due to parsing or internal Opengrep errors

   • tailwind.config.ts (1 lines skipped)

2025-05-17 03:48:25,477 - semgrep.output - INFO - Some files were skipped or only partially analyzed.
  Scan was limited to files tracked by git.
  Partially scanned: 1 files only partially analyzed due to parsing or internal Opengrep errors
  Scan skipped: 1 files larger than 1.0 MB
  For a full list of skipped files, run opengrep with the --verbose flag.

Ran 435 rules on 108 files: 2 findings.
2025-05-17 03:48:25,478 - semgrep.app.version - DEBUG - Version cache does not exist
2025-05-17 03:48:25,491 - semgrep.metrics - VERBOSE - Not sending pseudonymous metrics since metrics are configured to OFF and registry usage is False
